[2026-03-15 08:00:01] ==========================================
[2026-03-15 08:00:01]      状态空间研究代理 (自动模式)
[2026-03-15 08:00:01] ==========================================
[2026-03-15 08:00:01] 当前时间: 2026-03-15 08:00
[2026-03-15 08:00:01] 研究方向: 综合研究
[2026-03-15 08:00:01] 核心问题: 深入研究
[2026-03-15 08:00:01] 发现未提交的更改，运行评估...
评估目录: .
==================================================
         研究评估报告
==================================================
总分: 100.0/100
--------------------------------------------------
文档质量: 40.0/40
代码质量: 30.0/30
引用数量: 149 (15分)
新假设: 33 (10分)
已验证: 8 (10分)
状态: SUCCESS ✓
--------------------------------------------------
评分详情:
  doc_breakdown: 文档质量: 40.0/40
  code_breakdown: 代码质量: 30.0/30 (12个可编译)
  ref_breakdown: 引用数量: 149 (15分)
  hypo_breakdown: 新假设: 33 (10分)
  verified_breakdown: 已验证: 8 (10分)
==================================================
[2026-03-15 08:00:01] 评估成功，分数: 100.0/100
[2026-03-15 08:00:01] 上次分数: 100.0
[2026-03-15 08:00:01] 当前分数: 100.0/100
[2026-03-15 08:00:01] 分数降低 → DISCARD
[2026-03-15 08:00:01] 回退更改...
[2026-03-15 08:00:01] 已回退更改
[2026-03-15 08:00:01] 总用时: 0分钟
[2026-03-15 08:00:01] 最终状态: discard
[2026-03-15 08:00:01] ==========================================
[2026-03-15 08:00:01]      研究完成!
[2026-03-15 08:00:01] ==========================================
